<?xml version="1.0" encoding="UTF-8"?>
<!-- Generated by org.testng.reporters.JUnitReportReporter -->
<testsuite skipped="0" hostname="Red-PC" name="com.prestashop.tests.LogInNegativeScenarios" tests="4" failures="0" timestamp="22 Jun 2018 21:51:47 GMT" time="16.577" errors="0">
  <testcase name="invalidEmailTest" time="3.628" classname="com.prestashop.tests.LogInNegativeScenarios"/>
  <testcase name="blankEmailTest" time="4.047" classname="com.prestashop.tests.LogInNegativeScenarios"/>
  <testcase name="blankPasswordTest" time="4.950" classname="com.prestashop.tests.LogInNegativeScenarios"/>
  <testcase name="wrongCredentialsTest" time="3.952" classname="com.prestashop.tests.LogInNegativeScenarios"/>
</testsuite> <!-- com.prestashop.tests.LogInNegativeScenarios -->
