<?xml version="1.0" encoding="UTF-8"?>
<!-- Generated by org.testng.reporters.JUnitReportReporter -->
<testsuite skipped="0" hostname="Red-PC" name="com.prestashop.tests.LogInPositiveScenarios" tests="1" failures="0" timestamp="22 Jun 2018 21:55:29 GMT" time="13.286" errors="0">
  <testcase name="loginTest" time="13.286" classname="com.prestashop.tests.LogInPositiveScenarios"/>
</testsuite> <!-- com.prestashop.tests.LogInPositiveScenarios -->
